[2026-01-22 19:20:36,072][__main__][INFO] - Initializing Data Pipeline...
[2026-01-22 19:20:36,078][__main__][INFO] - Compiling ST-GCN Architecture...
[2026-01-22 19:20:36,094][__main__][INFO] - Training on device: cpu
[2026-01-22 19:20:37,249][__main__][INFO] - Starting Optimization...
[2026-01-22 19:21:12,757][__main__][INFO] - Epoch 1 [Val] Accuracy: 14.29%
[2026-01-22 19:21:12,806][__main__][INFO] - Model saved to C:\Users\trash\hand_gesture_recognition\neuro_calc\best_model.pth
[2026-01-22 19:21:39,192][__main__][INFO] - Epoch 2 [Val] Accuracy: 12.70%
[2026-01-22 19:22:05,468][__main__][INFO] - Epoch 3 [Val] Accuracy: 42.86%
[2026-01-22 19:22:05,484][__main__][INFO] - Model saved to C:\Users\trash\hand_gesture_recognition\neuro_calc\best_model.pth
[2026-01-22 19:22:31,616][__main__][INFO] - Epoch 4 [Val] Accuracy: 39.68%
[2026-01-22 19:23:01,716][__main__][INFO] - Epoch 5 [Val] Accuracy: 36.51%
[2026-01-22 19:23:30,167][__main__][INFO] - Epoch 6 [Val] Accuracy: 50.79%
[2026-01-22 19:23:30,183][__main__][INFO] - Model saved to C:\Users\trash\hand_gesture_recognition\neuro_calc\best_model.pth
[2026-01-22 19:23:57,260][__main__][INFO] - Epoch 7 [Val] Accuracy: 39.68%
[2026-01-22 19:24:24,303][__main__][INFO] - Epoch 8 [Val] Accuracy: 58.73%
[2026-01-22 19:24:24,318][__main__][INFO] - Model saved to C:\Users\trash\hand_gesture_recognition\neuro_calc\best_model.pth
[2026-01-22 19:24:50,973][__main__][INFO] - Epoch 9 [Val] Accuracy: 66.67%
[2026-01-22 19:24:50,993][__main__][INFO] - Model saved to C:\Users\trash\hand_gesture_recognition\neuro_calc\best_model.pth
[2026-01-22 19:25:17,764][__main__][INFO] - Epoch 10 [Val] Accuracy: 73.02%
[2026-01-22 19:25:17,780][__main__][INFO] - Model saved to C:\Users\trash\hand_gesture_recognition\neuro_calc\best_model.pth
[2026-01-22 19:25:44,519][__main__][INFO] - Epoch 11 [Val] Accuracy: 77.78%
[2026-01-22 19:25:44,533][__main__][INFO] - Model saved to C:\Users\trash\hand_gesture_recognition\neuro_calc\best_model.pth
[2026-01-22 19:26:10,921][__main__][INFO] - Epoch 12 [Val] Accuracy: 82.54%
[2026-01-22 19:26:10,936][__main__][INFO] - Model saved to C:\Users\trash\hand_gesture_recognition\neuro_calc\best_model.pth
[2026-01-22 19:26:37,591][__main__][INFO] - Epoch 13 [Val] Accuracy: 76.19%
[2026-01-22 19:27:04,077][__main__][INFO] - Epoch 14 [Val] Accuracy: 80.95%
[2026-01-22 19:27:32,935][__main__][INFO] - Epoch 15 [Val] Accuracy: 76.19%
[2026-01-22 19:28:03,734][__main__][INFO] - Epoch 16 [Val] Accuracy: 80.95%
[2026-01-22 19:28:31,600][__main__][INFO] - Epoch 17 [Val] Accuracy: 79.37%
[2026-01-22 19:28:58,584][__main__][INFO] - Epoch 18 [Val] Accuracy: 76.19%
[2026-01-22 19:29:25,342][__main__][INFO] - Epoch 19 [Val] Accuracy: 85.71%
[2026-01-22 19:29:25,358][__main__][INFO] - Model saved to C:\Users\trash\hand_gesture_recognition\neuro_calc\best_model.pth
[2026-01-22 19:29:52,028][__main__][INFO] - Epoch 20 [Val] Accuracy: 80.95%
[2026-01-22 19:30:18,561][__main__][INFO] - Epoch 21 [Val] Accuracy: 90.48%
[2026-01-22 19:30:18,577][__main__][INFO] - Model saved to C:\Users\trash\hand_gesture_recognition\neuro_calc\best_model.pth
[2026-01-22 19:30:45,205][__main__][INFO] - Epoch 22 [Val] Accuracy: 82.54%
[2026-01-22 19:31:11,621][__main__][INFO] - Epoch 23 [Val] Accuracy: 82.54%
[2026-01-22 19:31:37,976][__main__][INFO] - Epoch 24 [Val] Accuracy: 88.89%
[2026-01-22 19:32:04,562][__main__][INFO] - Epoch 25 [Val] Accuracy: 71.43%
[2026-01-22 19:32:30,939][__main__][INFO] - Epoch 26 [Val] Accuracy: 82.54%
[2026-01-22 19:32:57,521][__main__][INFO] - Epoch 27 [Val] Accuracy: 87.30%
[2026-01-22 19:33:24,098][__main__][INFO] - Epoch 28 [Val] Accuracy: 90.48%
[2026-01-22 19:33:50,492][__main__][INFO] - Epoch 29 [Val] Accuracy: 85.71%
[2026-01-22 19:34:17,007][__main__][INFO] - Epoch 30 [Val] Accuracy: 88.89%
[2026-01-22 19:34:43,536][__main__][INFO] - Epoch 31 [Val] Accuracy: 88.89%
[2026-01-22 19:35:10,142][__main__][INFO] - Epoch 32 [Val] Accuracy: 88.89%
[2026-01-22 19:35:36,949][__main__][INFO] - Epoch 33 [Val] Accuracy: 82.54%
[2026-01-22 19:36:03,424][__main__][INFO] - Epoch 34 [Val] Accuracy: 87.30%
[2026-01-22 19:36:29,966][__main__][INFO] - Epoch 35 [Val] Accuracy: 88.89%
[2026-01-22 19:36:56,687][__main__][INFO] - Epoch 36 [Val] Accuracy: 87.30%
[2026-01-22 19:37:23,421][__main__][INFO] - Epoch 37 [Val] Accuracy: 90.48%
[2026-01-22 19:37:49,876][__main__][INFO] - Epoch 38 [Val] Accuracy: 90.48%
[2026-01-22 19:38:16,594][__main__][INFO] - Epoch 39 [Val] Accuracy: 92.06%
[2026-01-22 19:38:16,609][__main__][INFO] - Model saved to C:\Users\trash\hand_gesture_recognition\neuro_calc\best_model.pth
[2026-01-22 19:38:43,152][__main__][INFO] - Epoch 40 [Val] Accuracy: 88.89%
[2026-01-22 19:39:09,782][__main__][INFO] - Epoch 41 [Val] Accuracy: 88.89%
[2026-01-22 19:39:36,237][__main__][INFO] - Epoch 42 [Val] Accuracy: 88.89%
[2026-01-22 19:40:02,787][__main__][INFO] - Epoch 43 [Val] Accuracy: 85.71%
[2026-01-22 19:40:29,343][__main__][INFO] - Epoch 44 [Val] Accuracy: 88.89%
[2026-01-22 19:40:56,160][__main__][INFO] - Epoch 45 [Val] Accuracy: 92.06%
[2026-01-22 19:41:22,787][__main__][INFO] - Epoch 46 [Val] Accuracy: 88.89%
[2026-01-22 19:41:49,274][__main__][INFO] - Epoch 47 [Val] Accuracy: 92.06%
[2026-01-22 19:42:16,420][__main__][INFO] - Epoch 48 [Val] Accuracy: 92.06%
[2026-01-22 19:42:42,965][__main__][INFO] - Epoch 49 [Val] Accuracy: 90.48%
[2026-01-22 19:43:09,537][__main__][INFO] - Epoch 50 [Val] Accuracy: 92.06%
[2026-01-22 19:43:35,991][__main__][INFO] - Epoch 51 [Val] Accuracy: 88.89%
[2026-01-22 19:44:02,597][__main__][INFO] - Epoch 52 [Val] Accuracy: 90.48%
[2026-01-22 19:44:29,150][__main__][INFO] - Epoch 53 [Val] Accuracy: 90.48%
[2026-01-22 19:44:55,827][__main__][INFO] - Epoch 54 [Val] Accuracy: 93.65%
[2026-01-22 19:44:55,844][__main__][INFO] - Model saved to C:\Users\trash\hand_gesture_recognition\neuro_calc\best_model.pth
[2026-01-22 19:45:22,688][__main__][INFO] - Epoch 55 [Val] Accuracy: 90.48%
[2026-01-22 19:45:49,155][__main__][INFO] - Epoch 56 [Val] Accuracy: 88.89%
[2026-01-22 19:46:15,633][__main__][INFO] - Epoch 57 [Val] Accuracy: 92.06%
[2026-01-22 19:46:42,165][__main__][INFO] - Epoch 58 [Val] Accuracy: 90.48%
[2026-01-22 19:47:08,915][__main__][INFO] - Epoch 59 [Val] Accuracy: 90.48%
[2026-01-22 19:47:35,549][__main__][INFO] - Epoch 60 [Val] Accuracy: 90.48%
[2026-01-22 19:48:02,149][__main__][INFO] - Epoch 61 [Val] Accuracy: 92.06%
[2026-01-22 19:48:28,792][__main__][INFO] - Epoch 62 [Val] Accuracy: 93.65%
[2026-01-22 19:48:55,558][__main__][INFO] - Epoch 63 [Val] Accuracy: 92.06%
[2026-01-22 19:49:22,236][__main__][INFO] - Epoch 64 [Val] Accuracy: 88.89%
[2026-01-22 19:49:49,165][__main__][INFO] - Epoch 65 [Val] Accuracy: 87.30%
[2026-01-22 19:50:15,922][__main__][INFO] - Epoch 66 [Val] Accuracy: 90.48%
[2026-01-22 19:50:42,420][__main__][INFO] - Epoch 67 [Val] Accuracy: 90.48%
[2026-01-22 19:51:08,964][__main__][INFO] - Epoch 68 [Val] Accuracy: 90.48%
[2026-01-22 19:51:35,389][__main__][INFO] - Epoch 69 [Val] Accuracy: 88.89%
[2026-01-22 19:52:01,965][__main__][INFO] - Epoch 70 [Val] Accuracy: 88.89%
[2026-01-22 19:52:28,602][__main__][INFO] - Epoch 71 [Val] Accuracy: 90.48%
[2026-01-22 19:52:55,195][__main__][INFO] - Epoch 72 [Val] Accuracy: 90.48%
[2026-01-22 19:53:21,785][__main__][INFO] - Epoch 73 [Val] Accuracy: 90.48%
[2026-01-22 19:53:48,444][__main__][INFO] - Epoch 74 [Val] Accuracy: 90.48%
[2026-01-22 19:54:15,078][__main__][INFO] - Epoch 75 [Val] Accuracy: 90.48%
[2026-01-22 19:54:41,732][__main__][INFO] - Epoch 76 [Val] Accuracy: 90.48%
[2026-01-22 19:55:08,307][__main__][INFO] - Epoch 77 [Val] Accuracy: 90.48%
[2026-01-22 19:55:35,060][__main__][INFO] - Epoch 78 [Val] Accuracy: 90.48%
[2026-01-22 19:56:01,693][__main__][INFO] - Epoch 79 [Val] Accuracy: 90.48%
[2026-01-22 19:56:28,181][__main__][INFO] - Epoch 80 [Val] Accuracy: 90.48%
[2026-01-22 19:56:54,932][__main__][INFO] - Epoch 81 [Val] Accuracy: 90.48%
[2026-01-22 19:57:22,168][__main__][INFO] - Epoch 82 [Val] Accuracy: 90.48%
[2026-01-22 19:57:48,836][__main__][INFO] - Epoch 83 [Val] Accuracy: 90.48%
[2026-01-22 19:58:15,575][__main__][INFO] - Epoch 84 [Val] Accuracy: 90.48%
[2026-01-22 19:58:42,250][__main__][INFO] - Epoch 85 [Val] Accuracy: 90.48%
[2026-01-22 19:59:08,899][__main__][INFO] - Epoch 86 [Val] Accuracy: 90.48%
[2026-01-22 19:59:35,281][__main__][INFO] - Epoch 87 [Val] Accuracy: 90.48%
[2026-01-22 20:00:01,826][__main__][INFO] - Epoch 88 [Val] Accuracy: 90.48%
[2026-01-22 20:00:28,448][__main__][INFO] - Epoch 89 [Val] Accuracy: 90.48%
[2026-01-22 20:00:55,129][__main__][INFO] - Epoch 90 [Val] Accuracy: 90.48%
[2026-01-22 20:01:21,628][__main__][INFO] - Epoch 91 [Val] Accuracy: 90.48%
[2026-01-22 20:01:48,134][__main__][INFO] - Epoch 92 [Val] Accuracy: 90.48%
[2026-01-22 20:02:14,568][__main__][INFO] - Epoch 93 [Val] Accuracy: 90.48%
[2026-01-22 20:02:41,081][__main__][INFO] - Epoch 94 [Val] Accuracy: 90.48%
[2026-01-22 20:03:07,639][__main__][INFO] - Epoch 95 [Val] Accuracy: 90.48%
[2026-01-22 20:03:34,258][__main__][INFO] - Epoch 96 [Val] Accuracy: 90.48%
[2026-01-22 20:04:00,910][__main__][INFO] - Epoch 97 [Val] Accuracy: 90.48%
[2026-01-22 20:04:27,758][__main__][INFO] - Epoch 98 [Val] Accuracy: 90.48%
[2026-01-22 20:04:54,494][__main__][INFO] - Epoch 99 [Val] Accuracy: 90.48%
[2026-01-22 20:05:21,194][__main__][INFO] - Epoch 100 [Val] Accuracy: 90.48%
[2026-01-22 20:05:21,195][__main__][INFO] - Training Complete. Best Accuracy: 93.65%
